<?xml version="1.0" encoding="UTF-8"?>
<!-- Generated by org.testng.reporters.JUnitXMLReporter -->
<testsuite hostname="LAPTOP-CAVU416K" ignored="0" name="Test" tests="11" failures="0" timestamp="2020-05-08T15:12:18 BDT" time="0.066" errors="0">
  <testcase name="APIcarLoan" time="0.005" classname="test.day3"/>
  <testcase name="MobileLogincarLoan" time="0.002" classname="test.day3"/>
  <testcase name="MobilesignincarLoan" time="0.001" classname="test.day3"/>
  <testcase name="MobilesignoutcarLoan" time="0.001" classname="test.day3"/>
  <testcase name="WebloginCarLoan" time="0.001" classname="test.day3"/>
  <testcase name="ploan" time="0.001" classname="test.day2"/>
  <testcase name="APIHomeLoan" time="0.001" classname="test.day4"/>
  <testcase name="MobileLoginHomeLoan" time="0.001" classname="test.day4"/>
  <testcase name="WebloginHomeLoan" time="0.001" classname="test.day4"/>
  <testcase name="Demo" time="0.003" classname="test.day1"/>
  <testcase name="SecondTest" time="0.002" classname="test.day1"/>
</testsuite> <!-- Test -->
