<?xml version="1.0" encoding="UTF-8"?>
<!-- Generated by org.testng.reporters.JUnitXMLReporter -->
<testsuite hostname="LAPTOP-CAVU416K" ignored="1" name="carLoan" tests="6" failures="0" timestamp="2020-05-08T16:32:44 BDT" time="0.056" errors="0">
  <testcase name="MobileLogincarLoan" time="0.005" classname="test.day3"/>
  <testcase name="MobilesignincarLoan" time="0.002" classname="test.day3"/>
  <testcase name="MobilesignoutcarLoan" time="0.002" classname="test.day3"/>
  <testcase name="MobilesignoutcarLoan" time="0.001" classname="test.day3"/>
  <testcase name="MobilesignoutcarLoan" time="0.001" classname="test.day3"/>
  <testcase name="WebloginCarLoan" time="0.001" classname="test.day3"/>
  <testcase name="APIcarLoan" time="0.0" classname="test.day3">
    <ignored/>
  </testcase> <!-- APIcarLoan -->
</testsuite> <!-- carLoan -->
