<?xml version="1.0" encoding="UTF-8"?>
<!-- Generated by org.testng.reporters.JUnitXMLReporter -->
<testsuite hostname="LAPTOP-CAVU416K" ignored="9" name="Regression" tests="2" failures="0" timestamp="2020-05-08T15:46:22 BDT" time="0.341" errors="0">
  <testcase name="MobileLogincarLoan" time="0.007" classname="test.day3"/>
  <testcase name="MobileLoginHomeLoan" time="0.001" classname="test.day4"/>
  <testcase name="ploan" time="0.0" classname="test.day2">
    <ignored/>
  </testcase> <!-- ploan -->
  <testcase name="WebloginHomeLoan" time="0.0" classname="test.day4">
    <ignored/>
  </testcase> <!-- WebloginHomeLoan -->
  <testcase name="MobilesignoutcarLoan" time="0.0" classname="test.day3">
    <ignored/>
  </testcase> <!-- MobilesignoutcarLoan -->
  <testcase name="APIcarLoan" time="0.0" classname="test.day3">
    <ignored/>
  </testcase> <!-- APIcarLoan -->
  <testcase name="SecondTest" time="0.0" classname="test.day1">
    <ignored/>
  </testcase> <!-- SecondTest -->
  <testcase name="WebloginCarLoan" time="0.0" classname="test.day3">
    <ignored/>
  </testcase> <!-- WebloginCarLoan -->
  <testcase name="APIHomeLoan" time="0.0" classname="test.day4">
    <ignored/>
  </testcase> <!-- APIHomeLoan -->
  <testcase name="Demo" time="0.0" classname="test.day1">
    <ignored/>
  </testcase> <!-- Demo -->
  <testcase name="MobilesignincarLoan" time="0.0" classname="test.day3">
    <ignored/>
  </testcase> <!-- MobilesignincarLoan -->
</testsuite> <!-- Regression -->
