<?xml version="1.0" encoding="UTF-8"?>
<testng-results skipped="0" failed="1" ignored="2" total="13" passed="10">
  <reporter-output>
  </reporter-output>
  <suite name="Loan Department" duration-ms="56" started-at="2020-05-08T16:32:44 BDT" finished-at="2020-05-08T16:32:44 BDT">
    <groups>
      <group name="Smoke">
        <method signature="day3.MobileLogincarLoan()[pri:0, instance:test.day3@4f063c0a]" name="MobileLogincarLoan" class="test.day3"/>
        <method signature="day4.MobileLoginHomeLoan()[pri:0, instance:test.day4@26aa12dd]" name="MobileLoginHomeLoan" class="test.day4"/>
      </group> <!-- Smoke -->
    </groups>
    <test name="HomeLoan" duration-ms="44" started-at="2020-05-08T16:32:44 BDT" finished-at="2020-05-08T16:32:44 BDT">
      <class name="test.day4">
        <test-method status="PASS" signature="APIHomeLoan()[pri:0, instance:test.day4@26aa12dd]" name="APIHomeLoan" duration-ms="4" started-at="2020-05-08T16:32:44 BDT" finished-at="2020-05-08T16:32:44 BDT">
          <reporter-output>
          </reporter-output>
        </test-method> <!-- APIHomeLoan -->
        <test-method status="PASS" signature="MobileLoginHomeLoan()[pri:0, instance:test.day4@26aa12dd]" name="MobileLoginHomeLoan" duration-ms="1" started-at="2020-05-08T16:32:44 BDT" finished-at="2020-05-08T16:32:44 BDT">
          <reporter-output>
          </reporter-output>
        </test-method> <!-- MobileLoginHomeLoan -->
        <test-method status="PASS" signature="WebloginHomeLoan(java.lang.String)[pri:0, instance:test.day4@26aa12dd]" name="WebloginHomeLoan" duration-ms="1" started-at="2020-05-08T16:32:44 BDT" finished-at="2020-05-08T16:32:44 BDT">
          <params>
            <param index="0">
              <value>
                <![CDATA[personalloan.com]]>
              </value>
            </param>
          </params>
          <reporter-output>
          </reporter-output>
        </test-method> <!-- WebloginHomeLoan -->
      </class> <!-- test.day4 -->
      <class name="test.day1">
        <test-method status="PASS" signature="bfSyite()[pri:0, instance:test.day1@7791a895]" name="bfSyite" is-config="true" duration-ms="8" started-at="2020-05-08T16:32:44 BDT" finished-at="2020-05-08T16:32:44 BDT">
          <reporter-output>
          </reporter-output>
        </test-method> <!-- bfSyite -->
        <test-method status="PASS" signature="afSyite()[pri:0, instance:test.day1@7791a895]" name="afSyite" is-config="true" duration-ms="0" started-at="2020-05-08T16:32:45 BDT" finished-at="2020-05-08T16:32:45 BDT">
          <reporter-output>
          </reporter-output>
        </test-method> <!-- afSyite -->
      </class> <!-- test.day1 -->
    </test> <!-- HomeLoan -->
    <test name="carLoan" duration-ms="56" started-at="2020-05-08T16:32:44 BDT" finished-at="2020-05-08T16:32:44 BDT">
      <class name="test.day3">
        <test-method status="PASS" signature="befoclas()[pri:0, instance:test.day3@4f063c0a]" name="befoclas" is-config="true" duration-ms="1" started-at="2020-05-08T16:32:44 BDT" finished-at="2020-05-08T16:32:44 BDT">
          <reporter-output>
          </reporter-output>
        </test-method> <!-- befoclas -->
        <test-method status="PASS" signature="beforeevery()[pri:0, instance:test.day3@4f063c0a]" name="beforeevery" is-config="true" duration-ms="0" started-at="2020-05-08T16:32:44 BDT" finished-at="2020-05-08T16:32:44 BDT">
          <reporter-output>
          </reporter-output>
        </test-method> <!-- beforeevery -->
        <test-method status="PASS" signature="MobileLogincarLoan()[pri:0, instance:test.day3@4f063c0a]" name="MobileLogincarLoan" duration-ms="5" started-at="2020-05-08T16:32:44 BDT" finished-at="2020-05-08T16:32:44 BDT">
          <reporter-output>
          </reporter-output>
        </test-method> <!-- MobileLogincarLoan -->
        <test-method status="PASS" signature="afterevery()[pri:0, instance:test.day3@4f063c0a]" name="afterevery" is-config="true" duration-ms="0" started-at="2020-05-08T16:32:44 BDT" finished-at="2020-05-08T16:32:44 BDT">
          <reporter-output>
          </reporter-output>
        </test-method> <!-- afterevery -->
        <test-method status="PASS" signature="beforeevery()[pri:0, instance:test.day3@4f063c0a]" name="beforeevery" is-config="true" duration-ms="0" started-at="2020-05-08T16:32:44 BDT" finished-at="2020-05-08T16:32:44 BDT">
          <reporter-output>
          </reporter-output>
        </test-method> <!-- beforeevery -->
        <test-method status="PASS" signature="MobilesignincarLoan()[pri:0, instance:test.day3@4f063c0a]" name="MobilesignincarLoan" duration-ms="2" started-at="2020-05-08T16:32:44 BDT" finished-at="2020-05-08T16:32:44 BDT">
          <reporter-output>
          </reporter-output>
        </test-method> <!-- MobilesignincarLoan -->
        <test-method status="PASS" signature="afterevery()[pri:0, instance:test.day3@4f063c0a]" name="afterevery" is-config="true" duration-ms="0" started-at="2020-05-08T16:32:44 BDT" finished-at="2020-05-08T16:32:44 BDT">
          <reporter-output>
          </reporter-output>
        </test-method> <!-- afterevery -->
        <test-method status="PASS" signature="MobilesignoutcarLoan(java.lang.String, java.lang.String)[pri:0, instance:test.day3@4f063c0a]" name="MobilesignoutcarLoan" duration-ms="2" started-at="2020-05-08T16:32:44 BDT" data-provider="getData" finished-at="2020-05-08T16:32:44 BDT">
          <params>
            <param index="0">
              <value>
                <![CDATA[firstsetusername]]>
              </value>
            </param>
            <param index="1">
              <value>
                <![CDATA[firstpassword]]>
              </value>
            </param>
          </params>
          <reporter-output>
          </reporter-output>
        </test-method> <!-- MobilesignoutcarLoan -->
        <test-method status="PASS" signature="beforeevery()[pri:0, instance:test.day3@4f063c0a]" name="beforeevery" is-config="true" duration-ms="0" started-at="2020-05-08T16:32:44 BDT" finished-at="2020-05-08T16:32:44 BDT">
          <reporter-output>
          </reporter-output>
        </test-method> <!-- beforeevery -->
        <test-method status="PASS" signature="afterevery()[pri:0, instance:test.day3@4f063c0a]" name="afterevery" is-config="true" duration-ms="0" started-at="2020-05-08T16:32:44 BDT" finished-at="2020-05-08T16:32:44 BDT">
          <reporter-output>
          </reporter-output>
        </test-method> <!-- afterevery -->
        <test-method status="PASS" signature="MobilesignoutcarLoan(java.lang.String, java.lang.String)[pri:0, instance:test.day3@4f063c0a]" name="MobilesignoutcarLoan" duration-ms="1" started-at="2020-05-08T16:32:44 BDT" data-provider="getData" finished-at="2020-05-08T16:32:44 BDT">
          <params>
            <param index="0">
              <value>
                <![CDATA[secondsetusername]]>
              </value>
            </param>
            <param index="1">
              <value>
                <![CDATA[secondpassword]]>
              </value>
            </param>
          </params>
          <reporter-output>
          </reporter-output>
        </test-method> <!-- MobilesignoutcarLoan -->
        <test-method status="PASS" signature="beforeevery()[pri:0, instance:test.day3@4f063c0a]" name="beforeevery" is-config="true" duration-ms="0" started-at="2020-05-08T16:32:44 BDT" finished-at="2020-05-08T16:32:44 BDT">
          <reporter-output>
          </reporter-output>
        </test-method> <!-- beforeevery -->
        <test-method status="PASS" signature="afterevery()[pri:0, instance:test.day3@4f063c0a]" name="afterevery" is-config="true" duration-ms="0" started-at="2020-05-08T16:32:44 BDT" finished-at="2020-05-08T16:32:44 BDT">
          <reporter-output>
          </reporter-output>
        </test-method> <!-- afterevery -->
        <test-method status="PASS" signature="beforeevery()[pri:0, instance:test.day3@4f063c0a]" name="beforeevery" is-config="true" duration-ms="0" started-at="2020-05-08T16:32:44 BDT" finished-at="2020-05-08T16:32:44 BDT">
          <reporter-output>
          </reporter-output>
        </test-method> <!-- beforeevery -->
        <test-method status="PASS" signature="MobilesignoutcarLoan(java.lang.String, java.lang.String)[pri:0, instance:test.day3@4f063c0a]" name="MobilesignoutcarLoan" duration-ms="1" started-at="2020-05-08T16:32:44 BDT" data-provider="getData" finished-at="2020-05-08T16:32:44 BDT">
          <params>
            <param index="0">
              <value>
                <![CDATA[thirdsetusername]]>
              </value>
            </param>
            <param index="1">
              <value>
                <![CDATA[thirdpassword]]>
              </value>
            </param>
          </params>
          <reporter-output>
          </reporter-output>
        </test-method> <!-- MobilesignoutcarLoan -->
        <test-method status="PASS" signature="afterevery()[pri:0, instance:test.day3@4f063c0a]" name="afterevery" is-config="true" duration-ms="0" started-at="2020-05-08T16:32:44 BDT" finished-at="2020-05-08T16:32:44 BDT">
          <reporter-output>
          </reporter-output>
        </test-method> <!-- afterevery -->
        <test-method status="PASS" signature="beforeevery()[pri:0, instance:test.day3@4f063c0a]" name="beforeevery" is-config="true" duration-ms="0" started-at="2020-05-08T16:32:44 BDT" finished-at="2020-05-08T16:32:44 BDT">
          <reporter-output>
          </reporter-output>
        </test-method> <!-- beforeevery -->
        <test-method status="PASS" signature="WebloginCarLoan(java.lang.String, java.lang.String)[pri:0, instance:test.day3@4f063c0a]" name="WebloginCarLoan" duration-ms="1" started-at="2020-05-08T16:32:44 BDT" finished-at="2020-05-08T16:32:44 BDT">
          <params>
            <param index="0">
              <value>
                <![CDATA[carloan.com]]>
              </value>
            </param>
            <param index="1">
              <value>
                <![CDATA[123456]]>
              </value>
            </param>
          </params>
          <reporter-output>
          </reporter-output>
        </test-method> <!-- WebloginCarLoan -->
        <test-method status="PASS" signature="afterevery()[pri:0, instance:test.day3@4f063c0a]" name="afterevery" is-config="true" duration-ms="1" started-at="2020-05-08T16:32:44 BDT" finished-at="2020-05-08T16:32:44 BDT">
          <reporter-output>
          </reporter-output>
        </test-method> <!-- afterevery -->
        <test-method status="PASS" signature="afteclas()[pri:0, instance:test.day3@4f063c0a]" name="afteclas" is-config="true" duration-ms="0" started-at="2020-05-08T16:32:44 BDT" finished-at="2020-05-08T16:32:44 BDT">
          <reporter-output>
          </reporter-output>
        </test-method> <!-- afteclas -->
      </class> <!-- test.day3 -->
    </test> <!-- carLoan -->
    <test name="Personal Loan" duration-ms="43" started-at="2020-05-08T16:32:44 BDT" finished-at="2020-05-08T16:32:44 BDT">
      <class name="test.day2">
        <test-method status="PASS" signature="ploan()[pri:0, instance:test.day2@3a5ed7a6]" name="ploan" duration-ms="2" started-at="2020-05-08T16:32:44 BDT" finished-at="2020-05-08T16:32:44 BDT">
          <reporter-output>
          </reporter-output>
        </test-method> <!-- ploan -->
      </class> <!-- test.day2 -->
      <class name="test.day1">
        <test-method status="PASS" signature="firstexecution()[pri:0, instance:test.day1@7791a895]" name="firstexecution" is-config="true" duration-ms="1" started-at="2020-05-08T16:32:44 BDT" finished-at="2020-05-08T16:32:44 BDT">
          <reporter-output>
          </reporter-output>
        </test-method> <!-- firstexecution -->
        <test-method status="FAIL" signature="Demo()[pri:0, instance:test.day1@7791a895]" name="Demo" duration-ms="8" started-at="2020-05-08T16:32:44 BDT" finished-at="2020-05-08T16:32:44 BDT">
          <exception class="java.lang.AssertionError">
            <message>
              <![CDATA[expected [true] but found [false]]]>
            </message>
            <full-stacktrace>
              <![CDATA[java.lang.AssertionError: expected [true] but found [false]
at org.testng.Assert.fail(Assert.java:97)
at org.testng.Assert.failNotEquals(Assert.java:968)
at org.testng.Assert.assertTrue(Assert.java:43)
at org.testng.Assert.assertTrue(Assert.java:53)
at test.day1.Demo(day1.java:27)
at sun.reflect.NativeMethodAccessorImpl.invoke0(Native Method)
at sun.reflect.NativeMethodAccessorImpl.invoke(NativeMethodAccessorImpl.java:62)
at sun.reflect.DelegatingMethodAccessorImpl.invoke(DelegatingMethodAccessorImpl.java:43)
at java.lang.reflect.Method.invoke(Method.java:498)
at org.testng.internal.MethodInvocationHelper.invokeMethod(MethodInvocationHelper.java:135)
at org.testng.internal.TestInvoker.invokeMethod(TestInvoker.java:598)
at org.testng.internal.TestInvoker.invokeTestMethod(TestInvoker.java:174)
at org.testng.internal.MethodRunner.runInSequence(MethodRunner.java:46)
at org.testng.internal.TestInvoker$MethodInvocationAgent.invoke(TestInvoker.java:821)
at org.testng.internal.TestInvoker.invokeTestMethods(TestInvoker.java:147)
at org.testng.internal.TestMethodWorker.invokeTestMethods(TestMethodWorker.java:146)
at org.testng.internal.TestMethodWorker.run(TestMethodWorker.java:128)
at java.util.ArrayList.forEach(ArrayList.java:1257)
at org.testng.TestRunner.privateRun(TestRunner.java:767)
at org.testng.TestRunner.run(TestRunner.java:588)
at org.testng.SuiteRunner.runTest(SuiteRunner.java:384)
at org.testng.SuiteRunner.access$000(SuiteRunner.java:28)
at org.testng.SuiteRunner$SuiteWorker.run(SuiteRunner.java:425)
at org.testng.internal.thread.ThreadUtil.lambda$execute$0(ThreadUtil.java:68)
at java.util.concurrent.FutureTask.run(FutureTask.java:266)
at java.util.concurrent.ThreadPoolExecutor.runWorker(ThreadPoolExecutor.java:1149)
at java.util.concurrent.ThreadPoolExecutor$Worker.run(ThreadPoolExecutor.java:624)
at java.lang.Thread.run(Thread.java:748)
]]>
            </full-stacktrace>
          </exception> <!-- java.lang.AssertionError -->
          <reporter-output>
          </reporter-output>
        </test-method> <!-- Demo -->
        <test-method status="PASS" signature="lastexecution()[pri:0, instance:test.day1@7791a895]" name="lastexecution" is-config="true" duration-ms="0" started-at="2020-05-08T16:32:44 BDT" finished-at="2020-05-08T16:32:44 BDT">
          <reporter-output>
          </reporter-output>
        </test-method> <!-- lastexecution -->
      </class> <!-- test.day1 -->
    </test> <!-- Personal Loan -->
  </suite> <!-- Loan Department -->
</testng-results>
